0 info it worked if it ends with ok
1 verbose cli [ '/Users/dennis/.nvm/versions/node/v4.5.0/bin/node',
1 verbose cli   '/Users/dennis/.nvm/versions/node/v4.5.0/bin/npm',
1 verbose cli   'install' ]
2 info using npm@2.15.9
3 info using node@v4.5.0
4 verbose readDependencies loading dependencies from /Users/dennis/x/wikitrivia/assets/package.json
5 warn package.json @ No description
6 warn package.json @ No README data
7 verbose install where, deps [ '/Users/dennis/x/wikitrivia/assets',
7 verbose install   [ 'phoenix',
7 verbose install     'phoenix_html',
7 verbose install     'babel-brunch',
7 verbose install     'brunch',
7 verbose install     'clean-css-brunch',
7 verbose install     'uglify-js-brunch' ] ]
8 verbose install where, peers [ '/Users/dennis/x/wikitrivia/assets', [] ]
9 verbose installManyTop reading for lifecycle /Users/dennis/x/wikitrivia/assets/package.json
10 info preinstall @
11 verbose readDependencies loading dependencies from /Users/dennis/x/wikitrivia/assets/package.json
12 silly cache add args [ 'babel-brunch@6.1.1', null ]
13 verbose cache add spec babel-brunch@6.1.1
14 silly cache add parsed spec Result {
14 silly cache add   raw: 'babel-brunch@6.1.1',
14 silly cache add   scope: null,
14 silly cache add   name: 'babel-brunch',
14 silly cache add   rawSpec: '6.1.1',
14 silly cache add   spec: '6.1.1',
14 silly cache add   type: 'version' }
15 silly addNamed babel-brunch@6.1.1
16 verbose addNamed "6.1.1" is a plain semver version for babel-brunch
17 silly mapToRegistry name babel-brunch
18 silly mapToRegistry using default registry
19 silly mapToRegistry registry https://registry.npmjs.org/
20 silly mapToRegistry data Result {
20 silly mapToRegistry   raw: 'babel-brunch',
20 silly mapToRegistry   scope: null,
20 silly mapToRegistry   name: 'babel-brunch',
20 silly mapToRegistry   rawSpec: '',
20 silly mapToRegistry   spec: 'latest',
20 silly mapToRegistry   type: 'tag' }
21 silly mapToRegistry uri https://registry.npmjs.org/babel-brunch
22 verbose addNameVersion registry:https://registry.npmjs.org/babel-brunch not in flight; fetching
23 silly cache add args [ 'brunch@2.10.9', null ]
24 verbose cache add spec brunch@2.10.9
25 silly cache add parsed spec Result {
25 silly cache add   raw: 'brunch@2.10.9',
25 silly cache add   scope: null,
25 silly cache add   name: 'brunch',
25 silly cache add   rawSpec: '2.10.9',
25 silly cache add   spec: '2.10.9',
25 silly cache add   type: 'version' }
26 silly addNamed brunch@2.10.9
27 verbose addNamed "2.10.9" is a plain semver version for brunch
28 silly mapToRegistry name brunch
29 silly mapToRegistry using default registry
30 silly mapToRegistry registry https://registry.npmjs.org/
31 silly mapToRegistry data Result {
31 silly mapToRegistry   raw: 'brunch',
31 silly mapToRegistry   scope: null,
31 silly mapToRegistry   name: 'brunch',
31 silly mapToRegistry   rawSpec: '',
31 silly mapToRegistry   spec: 'latest',
31 silly mapToRegistry   type: 'tag' }
32 silly mapToRegistry uri https://registry.npmjs.org/brunch
33 verbose addNameVersion registry:https://registry.npmjs.org/brunch not in flight; fetching
34 silly cache add args [ 'clean-css-brunch@2.10.0', null ]
35 verbose cache add spec clean-css-brunch@2.10.0
36 silly cache add parsed spec Result {
36 silly cache add   raw: 'clean-css-brunch@2.10.0',
36 silly cache add   scope: null,
36 silly cache add   name: 'clean-css-brunch',
36 silly cache add   rawSpec: '2.10.0',
36 silly cache add   spec: '2.10.0',
36 silly cache add   type: 'version' }
37 silly addNamed clean-css-brunch@2.10.0
38 verbose addNamed "2.10.0" is a plain semver version for clean-css-brunch
39 silly mapToRegistry name clean-css-brunch
40 silly mapToRegistry using default registry
41 silly mapToRegistry registry https://registry.npmjs.org/
42 silly mapToRegistry data Result {
42 silly mapToRegistry   raw: 'clean-css-brunch',
42 silly mapToRegistry   scope: null,
42 silly mapToRegistry   name: 'clean-css-brunch',
42 silly mapToRegistry   rawSpec: '',
42 silly mapToRegistry   spec: 'latest',
42 silly mapToRegistry   type: 'tag' }
43 silly mapToRegistry uri https://registry.npmjs.org/clean-css-brunch
44 verbose addNameVersion registry:https://registry.npmjs.org/clean-css-brunch not in flight; fetching
45 silly cache add args [ 'uglify-js-brunch@2.10.0', null ]
46 verbose cache add spec uglify-js-brunch@2.10.0
47 silly cache add parsed spec Result {
47 silly cache add   raw: 'uglify-js-brunch@2.10.0',
47 silly cache add   scope: null,
47 silly cache add   name: 'uglify-js-brunch',
47 silly cache add   rawSpec: '2.10.0',
47 silly cache add   spec: '2.10.0',
47 silly cache add   type: 'version' }
48 silly addNamed uglify-js-brunch@2.10.0
49 verbose addNamed "2.10.0" is a plain semver version for uglify-js-brunch
50 silly mapToRegistry name uglify-js-brunch
51 silly mapToRegistry using default registry
52 silly mapToRegistry registry https://registry.npmjs.org/
53 silly mapToRegistry data Result {
53 silly mapToRegistry   raw: 'uglify-js-brunch',
53 silly mapToRegistry   scope: null,
53 silly mapToRegistry   name: 'uglify-js-brunch',
53 silly mapToRegistry   rawSpec: '',
53 silly mapToRegistry   spec: 'latest',
53 silly mapToRegistry   type: 'tag' }
54 silly mapToRegistry uri https://registry.npmjs.org/uglify-js-brunch
55 verbose addNameVersion registry:https://registry.npmjs.org/uglify-js-brunch not in flight; fetching
56 silly cache add args [ 'phoenix@file:../deps/phoenix', null ]
57 verbose cache add spec phoenix@file:../deps/phoenix
58 silly cache add args [ 'phoenix_html@file:../deps/phoenix_html', null ]
59 verbose cache add spec phoenix_html@file:../deps/phoenix_html
60 verbose request uri https://registry.npmjs.org/brunch
61 verbose request no auth needed
62 info attempt registry request try #1 at 3:53:04 PM
63 verbose request id 7f1c0e6e9a140603
64 http request GET https://registry.npmjs.org/brunch
65 verbose request uri https://registry.npmjs.org/babel-brunch
66 verbose request no auth needed
67 info attempt registry request try #1 at 3:53:04 PM
68 http request GET https://registry.npmjs.org/babel-brunch
69 verbose request uri https://registry.npmjs.org/clean-css-brunch
70 verbose request no auth needed
71 info attempt registry request try #1 at 3:53:04 PM
72 http request GET https://registry.npmjs.org/clean-css-brunch
73 silly cache add parsed spec Result {
73 silly cache add   raw: 'phoenix@file:../deps/phoenix',
73 silly cache add   scope: null,
73 silly cache add   name: 'phoenix',
73 silly cache add   rawSpec: 'file:../deps/phoenix',
73 silly cache add   spec: '/Users/dennis/x/wikitrivia/deps/phoenix',
73 silly cache add   type: 'local' }
74 verbose request uri https://registry.npmjs.org/uglify-js-brunch
75 verbose request no auth needed
76 info attempt registry request try #1 at 3:53:04 PM
77 http request GET https://registry.npmjs.org/uglify-js-brunch
78 silly cache add parsed spec Result {
78 silly cache add   raw: 'phoenix_html@file:../deps/phoenix_html',
78 silly cache add   scope: null,
78 silly cache add   name: 'phoenix_html',
78 silly cache add   rawSpec: 'file:../deps/phoenix_html',
78 silly cache add   spec: '/Users/dennis/x/wikitrivia/deps/phoenix_html',
78 silly cache add   type: 'local' }
79 error addLocal Could not install /Users/dennis/x/wikitrivia/deps/phoenix
80 error addLocal Could not install /Users/dennis/x/wikitrivia/deps/phoenix_html
81 http 200 https://registry.npmjs.org/uglify-js-brunch
82 verbose headers { date: 'Sat, 08 Sep 2018 20:53:05 GMT',
82 verbose headers   'content-type': 'application/json; charset=UTF-8',
82 verbose headers   'transfer-encoding': 'chunked',
82 verbose headers   connection: 'keep-alive',
82 verbose headers   'set-cookie': [ '__cfduid=deadac1412c706da4e1477d0a74b62cad1536439985; expires=Sun, 08-Sep-19 20:53:05 GMT; path=/; domain=.registry.npmjs.org; HttpOnly' ],
82 verbose headers   'cf-cache-status': 'HIT',
82 verbose headers   'cache-control': 'max-age=300',
82 verbose headers   'cf-ray': '45744d729aef5819-DFW',
82 verbose headers   etag: 'W/"bd76c15a7e1328fe00fdb9a21cee6184"',
82 verbose headers   'expect-ct': 'max-age=604800, report-uri="https://report-uri.cloudflare.com/cdn-cgi/beacon/expect-ct"',
82 verbose headers   'last-modified': 'Sun, 27 May 2018 20:21:19 GMT',
82 verbose headers   vary: 'accept-encoding, accept',
82 verbose headers   server: 'cloudflare',
82 verbose headers   'content-encoding': 'gzip' }
83 silly get cb [ 200,
83 silly get   { date: 'Sat, 08 Sep 2018 20:53:05 GMT',
83 silly get     'content-type': 'application/json; charset=UTF-8',
83 silly get     'transfer-encoding': 'chunked',
83 silly get     connection: 'keep-alive',
83 silly get     'set-cookie': [ '__cfduid=deadac1412c706da4e1477d0a74b62cad1536439985; expires=Sun, 08-Sep-19 20:53:05 GMT; path=/; domain=.registry.npmjs.org; HttpOnly' ],
83 silly get     'cf-cache-status': 'HIT',
83 silly get     'cache-control': 'max-age=300',
83 silly get     'cf-ray': '45744d729aef5819-DFW',
83 silly get     etag: 'W/"bd76c15a7e1328fe00fdb9a21cee6184"',
83 silly get     'expect-ct': 'max-age=604800, report-uri="https://report-uri.cloudflare.com/cdn-cgi/beacon/expect-ct"',
83 silly get     'last-modified': 'Sun, 27 May 2018 20:21:19 GMT',
83 silly get     vary: 'accept-encoding, accept',
83 silly get     server: 'cloudflare',
83 silly get     'content-encoding': 'gzip' } ]
84 verbose get saving uglify-js-brunch to /Users/dennis/.npm/registry.npmjs.org/uglify-js-brunch/.cache.json
85 verbose correctMkdir /Users/dennis/.npm correctMkdir not in flight; initializing
86 http 200 https://registry.npmjs.org/clean-css-brunch
87 verbose headers { date: 'Sat, 08 Sep 2018 20:53:05 GMT',
87 verbose headers   'content-type': 'application/json; charset=UTF-8',
87 verbose headers   'transfer-encoding': 'chunked',
87 verbose headers   connection: 'keep-alive',
87 verbose headers   'set-cookie': [ '__cfduid=d45cade244d4b90885b1c1f716e2550fe1536439985; expires=Sun, 08-Sep-19 20:53:05 GMT; path=/; domain=.registry.npmjs.org; HttpOnly' ],
87 verbose headers   'cf-cache-status': 'HIT',
87 verbose headers   'cache-control': 'max-age=300',
87 verbose headers   'cf-ray': '45744d729b905831-DFW',
87 verbose headers   etag: 'W/"1ae31d27eb5790d7087c906b2d076074"',
87 verbose headers   'expect-ct': 'max-age=604800, report-uri="https://report-uri.cloudflare.com/cdn-cgi/beacon/expect-ct"',
87 verbose headers   'last-modified': 'Sat, 26 May 2018 19:57:25 GMT',
87 verbose headers   vary: 'accept-encoding, accept',
87 verbose headers   server: 'cloudflare',
87 verbose headers   'content-encoding': 'gzip' }
88 silly get cb [ 200,
88 silly get   { date: 'Sat, 08 Sep 2018 20:53:05 GMT',
88 silly get     'content-type': 'application/json; charset=UTF-8',
88 silly get     'transfer-encoding': 'chunked',
88 silly get     connection: 'keep-alive',
88 silly get     'set-cookie': [ '__cfduid=d45cade244d4b90885b1c1f716e2550fe1536439985; expires=Sun, 08-Sep-19 20:53:05 GMT; path=/; domain=.registry.npmjs.org; HttpOnly' ],
88 silly get     'cf-cache-status': 'HIT',
88 silly get     'cache-control': 'max-age=300',
88 silly get     'cf-ray': '45744d729b905831-DFW',
88 silly get     etag: 'W/"1ae31d27eb5790d7087c906b2d076074"',
88 silly get     'expect-ct': 'max-age=604800, report-uri="https://report-uri.cloudflare.com/cdn-cgi/beacon/expect-ct"',
88 silly get     'last-modified': 'Sat, 26 May 2018 19:57:25 GMT',
88 silly get     vary: 'accept-encoding, accept',
88 silly get     server: 'cloudflare',
88 silly get     'content-encoding': 'gzip' } ]
89 verbose get saving clean-css-brunch to /Users/dennis/.npm/registry.npmjs.org/clean-css-brunch/.cache.json
90 verbose correctMkdir /Users/dennis/.npm correctMkdir already in flight; waiting
91 silly mapToRegistry name uglify-js-brunch
92 silly mapToRegistry using default registry
93 silly mapToRegistry registry https://registry.npmjs.org/
94 silly mapToRegistry data Result {
94 silly mapToRegistry   raw: 'uglify-js-brunch',
94 silly mapToRegistry   scope: null,
94 silly mapToRegistry   name: 'uglify-js-brunch',
94 silly mapToRegistry   rawSpec: '',
94 silly mapToRegistry   spec: 'latest',
94 silly mapToRegistry   type: 'tag' }
95 silly mapToRegistry uri https://registry.npmjs.org/uglify-js-brunch
96 verbose addRemoteTarball https://registry.npmjs.org/uglify-js-brunch/-/uglify-js-brunch-2.10.0.tgz not in flight; adding
97 verbose addRemoteTarball [ 'https://registry.npmjs.org/uglify-js-brunch/-/uglify-js-brunch-2.10.0.tgz',
97 verbose addRemoteTarball   '60cd0fb652887a02ce6abcd1588de55dcc346f05' ]
98 silly mapToRegistry name clean-css-brunch
99 silly mapToRegistry using default registry
100 silly mapToRegistry registry https://registry.npmjs.org/
101 silly mapToRegistry data Result {
101 silly mapToRegistry   raw: 'clean-css-brunch',
101 silly mapToRegistry   scope: null,
101 silly mapToRegistry   name: 'clean-css-brunch',
101 silly mapToRegistry   rawSpec: '',
101 silly mapToRegistry   spec: 'latest',
101 silly mapToRegistry   type: 'tag' }
102 silly mapToRegistry uri https://registry.npmjs.org/clean-css-brunch
103 verbose addRemoteTarball https://registry.npmjs.org/clean-css-brunch/-/clean-css-brunch-2.10.0.tgz not in flight; adding
104 verbose addRemoteTarball [ 'https://registry.npmjs.org/clean-css-brunch/-/clean-css-brunch-2.10.0.tgz',
104 verbose addRemoteTarball   '6a151e6509589cd341dce04981a1c75062a22d18' ]
105 info retry fetch attempt 1 at 3:53:05 PM
106 info attempt registry request try #1 at 3:53:05 PM
107 http fetch GET https://registry.npmjs.org/uglify-js-brunch/-/uglify-js-brunch-2.10.0.tgz
108 info retry fetch attempt 1 at 3:53:05 PM
109 info attempt registry request try #1 at 3:53:05 PM
110 http fetch GET https://registry.npmjs.org/clean-css-brunch/-/clean-css-brunch-2.10.0.tgz
111 http 200 https://registry.npmjs.org/babel-brunch
112 verbose headers { date: 'Sat, 08 Sep 2018 20:53:05 GMT',
112 verbose headers   'content-type': 'application/octet-stream',
112 verbose headers   'content-length': '25833',
112 verbose headers   connection: 'keep-alive',
112 verbose headers   'set-cookie': [ '__cfduid=dd941cdd5271a42fefbb9834420e728ed1536439985; expires=Sun, 08-Sep-19 20:53:05 GMT; path=/; domain=.registry.npmjs.org; HttpOnly' ],
112 verbose headers   'cf-cache-status': 'HIT',
112 verbose headers   'cache-control': 'max-age=300',
112 verbose headers   'accept-ranges': 'bytes',
112 verbose headers   'cf-ray': '45744d72cb035879-DFW',
112 verbose headers   etag: '"dcc3ac3d8af84b28fe87150e65390340"',
112 verbose headers   'expect-ct': 'max-age=604800, report-uri="https://report-uri.cloudflare.com/cdn-cgi/beacon/expect-ct"',
112 verbose headers   'last-modified': 'Fri, 31 Aug 2018 17:19:31 GMT',
112 verbose headers   vary: 'accept-encoding, accept',
112 verbose headers   'x-amz-meta-rev': '23-32fd3a6d84111a5488abc79991727979',
112 verbose headers   server: 'cloudflare' }
113 silly get cb [ 200,
113 silly get   { date: 'Sat, 08 Sep 2018 20:53:05 GMT',
113 silly get     'content-type': 'application/octet-stream',
113 silly get     'content-length': '25833',
113 silly get     connection: 'keep-alive',
113 silly get     'set-cookie': [ '__cfduid=dd941cdd5271a42fefbb9834420e728ed1536439985; expires=Sun, 08-Sep-19 20:53:05 GMT; path=/; domain=.registry.npmjs.org; HttpOnly' ],
113 silly get     'cf-cache-status': 'HIT',
113 silly get     'cache-control': 'max-age=300',
113 silly get     'accept-ranges': 'bytes',
113 silly get     'cf-ray': '45744d72cb035879-DFW',
113 silly get     etag: '"dcc3ac3d8af84b28fe87150e65390340"',
113 silly get     'expect-ct': 'max-age=604800, report-uri="https://report-uri.cloudflare.com/cdn-cgi/beacon/expect-ct"',
113 silly get     'last-modified': 'Fri, 31 Aug 2018 17:19:31 GMT',
113 silly get     vary: 'accept-encoding, accept',
113 silly get     'x-amz-meta-rev': '23-32fd3a6d84111a5488abc79991727979',
113 silly get     server: 'cloudflare' } ]
114 verbose get saving babel-brunch to /Users/dennis/.npm/registry.npmjs.org/babel-brunch/.cache.json
115 verbose correctMkdir /Users/dennis/.npm correctMkdir not in flight; initializing
116 silly mapToRegistry name babel-brunch
117 silly mapToRegistry using default registry
118 silly mapToRegistry registry https://registry.npmjs.org/
119 silly mapToRegistry data Result {
119 silly mapToRegistry   raw: 'babel-brunch',
119 silly mapToRegistry   scope: null,
119 silly mapToRegistry   name: 'babel-brunch',
119 silly mapToRegistry   rawSpec: '',
119 silly mapToRegistry   spec: 'latest',
119 silly mapToRegistry   type: 'tag' }
120 silly mapToRegistry uri https://registry.npmjs.org/babel-brunch
121 verbose addRemoteTarball https://registry.npmjs.org/babel-brunch/-/babel-brunch-6.1.1.tgz not in flight; adding
122 verbose addRemoteTarball [ 'https://registry.npmjs.org/babel-brunch/-/babel-brunch-6.1.1.tgz',
122 verbose addRemoteTarball   '0b9d04c1df12f66e76a4dbdee34d8734876f1877' ]
123 info retry fetch attempt 1 at 3:53:05 PM
124 info attempt registry request try #1 at 3:53:05 PM
125 http fetch GET https://registry.npmjs.org/babel-brunch/-/babel-brunch-6.1.1.tgz
126 http fetch 200 https://registry.npmjs.org/uglify-js-brunch/-/uglify-js-brunch-2.10.0.tgz
127 silly fetchAndShaCheck shasum 60cd0fb652887a02ce6abcd1588de55dcc346f05
128 verbose addTmpTarball /var/folders/zh/9dqly4bx2fqdb8j36114bc6r0000gn/T/npm-3473-cbb77375/registry.npmjs.org/uglify-js-brunch/-/uglify-js-brunch-2.10.0.tgz not in flight; adding
129 verbose addTmpTarball already have metadata; skipping unpack for uglify-js-brunch@2.10.0
130 verbose correctMkdir /Users/dennis/.npm correctMkdir not in flight; initializing
131 http fetch 200 https://registry.npmjs.org/clean-css-brunch/-/clean-css-brunch-2.10.0.tgz
132 http 200 https://registry.npmjs.org/brunch
133 verbose headers { date: 'Sat, 08 Sep 2018 20:53:05 GMT',
133 verbose headers   'content-type': 'application/json',
133 verbose headers   'transfer-encoding': 'chunked',
133 verbose headers   connection: 'keep-alive',
133 verbose headers   'set-cookie': [ '__cfduid=dcb9ae48c470ee62a8d8f45179525fcba1536439985; expires=Sun, 08-Sep-19 20:53:05 GMT; path=/; domain=.registry.npmjs.org; HttpOnly' ],
133 verbose headers   'cf-cache-status': 'HIT',
133 verbose headers   'cache-control': 'max-age=300',
133 verbose headers   'cf-ray': '45744d72ce1d9af6-DFW',
133 verbose headers   etag: 'W/"165df6db2d27e39cc3a399dc1b74c0a3"',
133 verbose headers   'expect-ct': 'max-age=604800, report-uri="https://report-uri.cloudflare.com/cdn-cgi/beacon/expect-ct"',
133 verbose headers   'last-modified': 'Mon, 03 Sep 2018 13:43:28 GMT',
133 verbose headers   vary: 'accept-encoding, accept',
133 verbose headers   'x-amz-meta-rev': '488-c0895ff7b74b888fd46e4dc740f076b0',
133 verbose headers   server: 'cloudflare',
133 verbose headers   'content-encoding': 'gzip' }
134 silly get cb [ 200,
134 silly get   { date: 'Sat, 08 Sep 2018 20:53:05 GMT',
134 silly get     'content-type': 'application/json',
134 silly get     'transfer-encoding': 'chunked',
134 silly get     connection: 'keep-alive',
134 silly get     'set-cookie': [ '__cfduid=dcb9ae48c470ee62a8d8f45179525fcba1536439985; expires=Sun, 08-Sep-19 20:53:05 GMT; path=/; domain=.registry.npmjs.org; HttpOnly' ],
134 silly get     'cf-cache-status': 'HIT',
134 silly get     'cache-control': 'max-age=300',
134 silly get     'cf-ray': '45744d72ce1d9af6-DFW',
134 silly get     etag: 'W/"165df6db2d27e39cc3a399dc1b74c0a3"',
134 silly get     'expect-ct': 'max-age=604800, report-uri="https://report-uri.cloudflare.com/cdn-cgi/beacon/expect-ct"',
134 silly get     'last-modified': 'Mon, 03 Sep 2018 13:43:28 GMT',
134 silly get     vary: 'accept-encoding, accept',
134 silly get     'x-amz-meta-rev': '488-c0895ff7b74b888fd46e4dc740f076b0',
134 silly get     server: 'cloudflare',
134 silly get     'content-encoding': 'gzip' } ]
135 verbose get saving brunch to /Users/dennis/.npm/registry.npmjs.org/brunch/.cache.json
136 verbose correctMkdir /Users/dennis/.npm correctMkdir not in flight; initializing
137 silly fetchAndShaCheck shasum 6a151e6509589cd341dce04981a1c75062a22d18
138 verbose addTmpTarball /var/folders/zh/9dqly4bx2fqdb8j36114bc6r0000gn/T/npm-3473-cbb77375/registry.npmjs.org/clean-css-brunch/-/clean-css-brunch-2.10.0.tgz not in flight; adding
139 verbose addTmpTarball already have metadata; skipping unpack for clean-css-brunch@2.10.0
140 verbose correctMkdir /Users/dennis/.npm correctMkdir not in flight; initializing
141 silly mapToRegistry name brunch
142 silly mapToRegistry using default registry
143 silly mapToRegistry registry https://registry.npmjs.org/
144 silly mapToRegistry data Result {
144 silly mapToRegistry   raw: 'brunch',
144 silly mapToRegistry   scope: null,
144 silly mapToRegistry   name: 'brunch',
144 silly mapToRegistry   rawSpec: '',
144 silly mapToRegistry   spec: 'latest',
144 silly mapToRegistry   type: 'tag' }
145 silly mapToRegistry uri https://registry.npmjs.org/brunch
146 verbose addRemoteTarball https://registry.npmjs.org/brunch/-/brunch-2.10.9.tgz not in flight; adding
147 verbose addRemoteTarball [ 'https://registry.npmjs.org/brunch/-/brunch-2.10.9.tgz',
147 verbose addRemoteTarball   'a74bb5aef87fa87ce0dd4ca4f996610204358d30' ]
148 info retry fetch attempt 1 at 3:53:05 PM
149 info attempt registry request try #1 at 3:53:05 PM
150 http fetch GET https://registry.npmjs.org/brunch/-/brunch-2.10.9.tgz
151 silly cache afterAdd uglify-js-brunch@2.10.0
152 verbose afterAdd /Users/dennis/.npm/uglify-js-brunch/2.10.0/package/package.json not in flight; writing
153 verbose correctMkdir /Users/dennis/.npm correctMkdir not in flight; initializing
154 verbose afterAdd /Users/dennis/.npm/uglify-js-brunch/2.10.0/package/package.json written
155 silly cache afterAdd clean-css-brunch@2.10.0
156 verbose afterAdd /Users/dennis/.npm/clean-css-brunch/2.10.0/package/package.json not in flight; writing
157 verbose correctMkdir /Users/dennis/.npm correctMkdir not in flight; initializing
158 verbose afterAdd /Users/dennis/.npm/clean-css-brunch/2.10.0/package/package.json written
159 http fetch 200 https://registry.npmjs.org/babel-brunch/-/babel-brunch-6.1.1.tgz
160 silly fetchAndShaCheck shasum 0b9d04c1df12f66e76a4dbdee34d8734876f1877
161 verbose addTmpTarball /var/folders/zh/9dqly4bx2fqdb8j36114bc6r0000gn/T/npm-3473-cbb77375/registry.npmjs.org/babel-brunch/-/babel-brunch-6.1.1.tgz not in flight; adding
162 verbose addTmpTarball already have metadata; skipping unpack for babel-brunch@6.1.1
163 verbose correctMkdir /Users/dennis/.npm correctMkdir not in flight; initializing
164 silly cache afterAdd babel-brunch@6.1.1
165 verbose afterAdd /Users/dennis/.npm/babel-brunch/6.1.1/package/package.json not in flight; writing
166 verbose correctMkdir /Users/dennis/.npm correctMkdir not in flight; initializing
167 verbose afterAdd /Users/dennis/.npm/babel-brunch/6.1.1/package/package.json written
168 http fetch 200 https://registry.npmjs.org/brunch/-/brunch-2.10.9.tgz
169 silly fetchAndShaCheck shasum a74bb5aef87fa87ce0dd4ca4f996610204358d30
170 verbose addTmpTarball /var/folders/zh/9dqly4bx2fqdb8j36114bc6r0000gn/T/npm-3473-cbb77375/registry.npmjs.org/brunch/-/brunch-2.10.9.tgz not in flight; adding
171 verbose addTmpTarball already have metadata; skipping unpack for brunch@2.10.9
172 verbose correctMkdir /Users/dennis/.npm correctMkdir not in flight; initializing
173 silly cache afterAdd brunch@2.10.9
174 verbose afterAdd /Users/dennis/.npm/brunch/2.10.9/package/package.json not in flight; writing
175 verbose correctMkdir /Users/dennis/.npm correctMkdir not in flight; initializing
176 verbose afterAdd /Users/dennis/.npm/brunch/2.10.9/package/package.json written
177 verbose stack Error: ENOENT: no such file or directory, open '/Users/dennis/x/wikitrivia/deps/phoenix'
177 verbose stack     at Error (native)
178 verbose cwd /Users/dennis/x/wikitrivia/assets
179 error Darwin 17.4.0
180 error argv "/Users/dennis/.nvm/versions/node/v4.5.0/bin/node" "/Users/dennis/.nvm/versions/node/v4.5.0/bin/npm" "install"
181 error node v4.5.0
182 error npm  v2.15.9
183 error path /Users/dennis/x/wikitrivia/deps/phoenix
184 error code ENOENT
185 error errno -2
186 error syscall open
187 error enoent ENOENT: no such file or directory, open '/Users/dennis/x/wikitrivia/deps/phoenix'
187 error enoent This is most likely not a problem with npm itself
187 error enoent and is related to npm not being able to find a file.
188 verbose exit [ -2, true ]
